[WARN ] 2021-06-07 18:57:52.717 [main] UserServiceImpl - An error or userName alreadyUsed
[INFO ] 2021-06-09 11:02:27.717 [main] ServiceFactory - TaskService instantiation
[INFO ] 2021-06-09 11:02:28.074 [main] TaskServiceImpl - TaskServiceImpl instantiation
[INFO ] 2021-06-09 11:02:28.077 [main] ServiceFactory - UserService instantiation
[INFO ] 2021-06-09 11:02:28.079 [main] UserServiceImpl - UserServiceImpl instantiation
[ERROR] 2021-06-09 11:02:28.108 [main] UserServiceImpl - Error or no task given
[INFO ] 2021-06-09 11:04:14.658 [main] ServiceFactory - TaskService instantiation
[INFO ] 2021-06-09 11:04:15.031 [main] TaskServiceImpl - TaskServiceImpl instantiation
[INFO ] 2021-06-09 11:04:15.033 [main] ServiceFactory - UserService instantiation
[INFO ] 2021-06-09 11:04:15.036 [main] UserServiceImpl - UserServiceImpl instantiation
[INFO ] 2021-06-09 11:14:02.055 [main] ServiceFactory - TaskService instantiation
[INFO ] 2021-06-09 11:14:02.361 [main] TaskServiceImpl - TaskServiceImpl instantiation
[INFO ] 2021-06-09 11:14:02.363 [main] ServiceFactory - UserService instantiation
[INFO ] 2021-06-09 11:14:02.365 [main] UserServiceImpl - UserServiceImpl instantiation
[DEBUG] 2021-06-09 13:29:09.672 [main] ServiceFactory - TaskService retrieval
[INFO ] 2021-06-09 13:29:09.979 [main] TaskServiceImpl - TaskServiceImpl instantiation
[DEBUG] 2021-06-09 13:29:09.979 [main] ServiceFactory - UserService retrieval
[INFO ] 2021-06-09 13:29:09.983 [main] UserServiceImpl - UserServiceImpl instantiation
[DEBUG] 2021-06-09 13:29:24.080 [main] ServiceFactory - TaskService retrieval
[INFO ] 2021-06-09 13:29:24.389 [main] TaskServiceImpl - TaskServiceImpl instantiation
[DEBUG] 2021-06-09 13:29:24.389 [main] ServiceFactory - UserService retrieval
[INFO ] 2021-06-09 13:29:24.393 [main] UserServiceImpl - UserServiceImpl instantiation
[DEBUG] 2021-06-09 13:30:26.490 [main] ServiceFactory - TaskService retrieval
[INFO ] 2021-06-09 13:30:26.793 [main] TaskServiceImpl - TaskServiceImpl instantiation
[DEBUG] 2021-06-09 13:30:26.793 [main] ServiceFactory - UserService retrieval
[INFO ] 2021-06-09 13:30:26.797 [main] UserServiceImpl - UserServiceImpl instantiation
[ERROR] 2021-06-09 13:30:26.815 [main] UserServiceImpl - Error or userName alreadyUsed
[DEBUG] 2021-06-09 13:30:33.834 [main] ServiceFactory - TaskService retrieval
[INFO ] 2021-06-09 13:30:34.137 [main] TaskServiceImpl - TaskServiceImpl instantiation
[DEBUG] 2021-06-09 13:30:34.137 [main] ServiceFactory - UserService retrieval
[INFO ] 2021-06-09 13:30:34.141 [main] UserServiceImpl - UserServiceImpl instantiation
[ERROR] 2021-06-09 13:30:34.169 [main] UserServiceImpl - Error or no task given
[DEBUG] 2021-06-09 13:31:04.797 [main] ServiceFactory - TaskService retrieval
[INFO ] 2021-06-09 13:31:05.102 [main] TaskServiceImpl - TaskServiceImpl instantiation
[DEBUG] 2021-06-09 13:31:05.102 [main] ServiceFactory - UserService retrieval
[INFO ] 2021-06-09 13:31:05.106 [main] UserServiceImpl - UserServiceImpl instantiation
[ERROR] 2021-06-09 13:31:05.125 [main] TaskServiceImpl - Error or Task already exist
[DEBUG] 2021-06-10 23:59:00.246 [main] ServiceFactory - TaskService retrieval
[INFO ] 2021-06-10 23:59:00.622 [main] TaskServiceImpl - TaskServiceImpl instantiation
[DEBUG] 2021-06-10 23:59:00.622 [main] ServiceFactory - UserService retrieval
[INFO ] 2021-06-10 23:59:00.637 [main] UserServiceImpl - UserServiceImpl instantiation
[DEBUG] 2021-06-11 09:42:14.784 [main] ServiceFactory - TaskService retrieval
[INFO ] 2021-06-11 09:42:15.124 [main] TaskServiceImpl - TaskServiceImpl instantiation
[DEBUG] 2021-06-11 09:42:15.124 [main] ServiceFactory - UserService retrieval
[DEBUG] 2021-06-11 09:43:54.103 [main] ServiceFactory - TaskService retrieval
[INFO ] 2021-06-11 09:43:54.457 [main] TaskServiceImpl - TaskServiceImpl instantiation
[DEBUG] 2021-06-11 09:43:54.457 [main] ServiceFactory - UserService retrieval
[DEBUG] 2021-06-11 09:48:19.686 [main] ServiceFactory - TaskService retrieval
[INFO ] 2021-06-11 09:48:20.008 [main] TaskServiceImpl - TaskServiceImpl instantiation
[DEBUG] 2021-06-11 09:48:20.008 [main] ServiceFactory - UserService retrieval
[DEBUG] 2021-06-11 10:12:22.589 [main] ServiceFactory - TaskService retrieval
[INFO ] 2021-06-11 10:12:22.915 [main] TaskServiceImpl - TaskServiceImpl instantiation
[DEBUG] 2021-06-11 10:12:22.915 [main] ServiceFactory - UserService retrieval
[DEBUG] 2021-06-11 11:07:05.839 [main] ServiceFactory - TaskService retrieval
[INFO ] 2021-06-11 11:07:06.205 [main] TaskServiceImpl - TaskServiceImpl instantiation
[DEBUG] 2021-06-11 11:07:06.205 [main] ServiceFactory - UserService retrieval
[DEBUG] 2021-06-11 11:24:36.433 [main] ServiceFactory - TaskService retrieval
[INFO ] 2021-06-11 11:24:36.797 [main] TaskServiceImpl - TaskServiceImpl instantiation
[DEBUG] 2021-06-11 11:24:36.797 [main] ServiceFactory - UserService retrieval
[INFO ] 2021-06-11 11:24:37.935 [main] UserServiceImpl - UserServiceImpl instantiation
[DEBUG] 2021-06-11 11:24:37.937 [main] ServiceFactory - UserService retrieval
[INFO ] 2021-06-11 11:24:37.937 [main] UserServiceImpl - UserServiceImpl instantiation
[DEBUG] 2021-06-14 10:20:03.293 [main] ServiceFactory - TaskService retrieval
[INFO ] 2021-06-14 10:20:03.703 [main] TaskServiceImpl - TaskServiceImpl instantiation
[DEBUG] 2021-06-14 10:20:03.704 [main] ServiceFactory - UserService retrieval
[INFO ] 2021-06-14 10:20:05.107 [main] UserServiceImpl - UserServiceImpl instantiation
[DEBUG] 2021-06-14 10:20:05.109 [main] ServiceFactory - UserService retrieval
[INFO ] 2021-06-14 10:20:05.110 [main] UserServiceImpl - UserServiceImpl instantiation
[DEBUG] 2021-06-14 10:35:13.465 [main] ServiceFactory - TaskService retrieval
[INFO ] 2021-06-14 10:35:13.777 [main] TaskServiceImpl - TaskServiceImpl instantiation
[DEBUG] 2021-06-14 10:35:13.777 [main] ServiceFactory - UserService retrieval
[INFO ] 2021-06-14 10:35:14.686 [main] UserServiceImpl - UserServiceImpl instantiation
[DEBUG] 2021-06-14 10:35:14.688 [main] ServiceFactory - UserService retrieval
[INFO ] 2021-06-14 10:35:14.688 [main] UserServiceImpl - UserServiceImpl instantiation
[ERROR] 2021-06-14 10:35:14.695 [main] UserServiceImpl - Error or userName alreadyUsed
[DEBUG] 2021-06-14 10:58:03.200 [main] ServiceFactory - UserService retrieval
[INFO ] 2021-06-14 10:58:03.206 [main] UserServiceImpl - UserServiceImpl instantiation
[DEBUG] 2021-06-14 11:01:26.973 [main] ServiceFactory - UserService retrieval
[INFO ] 2021-06-14 11:01:28.180 [main] UserServiceImpl - UserServiceImpl instantiation
[DEBUG] 2021-06-14 11:12:40.997 [main] ServiceFactory - TaskService retrieval
[INFO ] 2021-06-14 11:12:41.002 [main] TaskServiceImpl - TaskServiceImpl instantiation
[DEBUG] 2021-06-14 11:12:41.002 [main] ServiceFactory - UserService retrieval
[INFO ] 2021-06-14 11:12:42.200 [main] UserServiceImpl - UserServiceImpl instantiation
[DEBUG] 2021-06-14 11:12:42.202 [main] ServiceFactory - UserService retrieval
[INFO ] 2021-06-14 11:12:42.202 [main] UserServiceImpl - UserServiceImpl instantiation
[DEBUG] 2021-06-14 11:16:04.764 [main] ServiceFactory - TaskService retrieval
[INFO ] 2021-06-14 11:16:04.769 [main] TaskServiceImpl - TaskServiceImpl instantiation
[DEBUG] 2021-06-14 11:16:04.770 [main] ServiceFactory - UserService retrieval
[INFO ] 2021-06-14 11:16:05.963 [main] UserServiceImpl - UserServiceImpl instantiation
[DEBUG] 2021-06-14 11:16:05.965 [main] ServiceFactory - UserService retrieval
[INFO ] 2021-06-14 11:16:05.965 [main] UserServiceImpl - UserServiceImpl instantiation
[DEBUG] 2021-06-14 11:18:02.460 [main] ServiceFactory - TaskService retrieval
[INFO ] 2021-06-14 11:18:02.786 [main] TaskServiceImpl - TaskServiceImpl instantiation
[DEBUG] 2021-06-14 11:18:02.787 [main] ServiceFactory - UserService retrieval
[INFO ] 2021-06-14 11:18:02.794 [main] UserServiceImpl - UserServiceImpl instantiation
[DEBUG] 2021-06-14 11:18:02.796 [main] ServiceFactory - UserService retrieval
[INFO ] 2021-06-14 11:18:02.796 [main] UserServiceImpl - UserServiceImpl instantiation
[DEBUG] 2021-06-14 11:22:59.511 [main] ServiceFactory - TaskService retrieval
[INFO ] 2021-06-14 11:22:59.826 [main] TaskServiceImpl - TaskServiceImpl instantiation
[DEBUG] 2021-06-14 11:22:59.827 [main] ServiceFactory - UserService retrieval
[INFO ] 2021-06-14 11:22:59.833 [main] UserServiceImpl - UserServiceImpl instantiation
[DEBUG] 2021-06-14 11:22:59.836 [main] ServiceFactory - TaskService retrieval
[INFO ] 2021-06-14 11:22:59.836 [main] TaskServiceImpl - TaskServiceImpl instantiation
[DEBUG] 2021-06-14 11:25:46.483 [main] ServiceFactory - TaskService retrieval
[INFO ] 2021-06-14 11:25:46.806 [main] TaskServiceImpl - TaskServiceImpl instantiation
[DEBUG] 2021-06-14 11:25:46.806 [main] ServiceFactory - UserService retrieval
[INFO ] 2021-06-14 11:25:46.810 [main] UserServiceImpl - UserServiceImpl instantiation
[DEBUG] 2021-06-14 11:28:35.522 [main] ServiceFactory - TaskService retrieval
[INFO ] 2021-06-14 11:28:35.837 [main] TaskServiceImpl - TaskServiceImpl instantiation
[DEBUG] 2021-06-14 11:28:35.837 [main] ServiceFactory - UserService retrieval
[INFO ] 2021-06-14 11:28:35.841 [main] UserServiceImpl - UserServiceImpl instantiation
[DEBUG] 2021-06-14 11:28:35.843 [main] ServiceFactory - TaskService retrieval
[INFO ] 2021-06-14 11:28:35.843 [main] TaskServiceImpl - TaskServiceImpl instantiation
[DEBUG] 2021-06-14 11:29:22.651 [main] ServiceFactory - TaskService retrieval
[INFO ] 2021-06-14 11:29:22.961 [main] TaskServiceImpl - TaskServiceImpl instantiation
[DEBUG] 2021-06-14 11:29:22.961 [main] ServiceFactory - UserService retrieval
[INFO ] 2021-06-14 11:29:22.965 [main] UserServiceImpl - UserServiceImpl instantiation
[ERROR] 2021-06-14 11:29:22.996 [main] UserServiceImpl - Error or no task given
[DEBUG] 2021-06-14 11:35:50.269 [main] ServiceFactory - TaskService retrieval
[INFO ] 2021-06-14 11:35:50.567 [main] TaskServiceImpl - TaskServiceImpl instantiation
[DEBUG] 2021-06-14 11:35:50.567 [main] ServiceFactory - UserService retrieval
[INFO ] 2021-06-14 11:35:50.571 [main] UserServiceImpl - UserServiceImpl instantiation
[DEBUG] 2021-06-14 11:35:50.573 [main] ServiceFactory - UserService retrieval
[INFO ] 2021-06-14 11:35:50.573 [main] UserServiceImpl - UserServiceImpl instantiation
[DEBUG] 2021-06-14 15:18:39.993 [main] ServiceFactory - UserService retrieval
[INFO ] 2021-06-14 15:18:41.437 [main] UserServiceImpl - UserServiceImpl instantiation
[DEBUG] 2021-06-14 15:23:08.818 [main] ServiceFactory - UserService retrieval
[INFO ] 2021-06-14 15:23:10.304 [main] UserServiceImpl - UserServiceImpl instantiation
[DEBUG] 2021-06-14 15:23:25.401 [main] ServiceFactory - UserService retrieval
[INFO ] 2021-06-14 15:23:26.857 [main] UserServiceImpl - UserServiceImpl instantiation
[DEBUG] 2021-06-15 09:10:08.428 [main] ServiceFactory - UserService retrieval
[INFO ] 2021-06-15 09:10:09.862 [main] UserServiceImpl - UserServiceImpl instantiation
[DEBUG] 2021-06-15 09:19:02.421 [main] ServiceFactory - UserService retrieval
[INFO ] 2021-06-15 09:19:03.721 [main] UserServiceImpl - UserServiceImpl instantiation
[DEBUG] 2021-06-15 09:25:49.970 [main] ServiceFactory - UserService retrieval
[INFO ] 2021-06-15 09:25:51.241 [main] UserServiceImpl - UserServiceImpl instantiation
[DEBUG] 2021-06-15 09:31:23.649 [main] ServiceFactory - UserService retrieval
[INFO ] 2021-06-15 09:31:24.910 [main] UserServiceImpl - UserServiceImpl instantiation
[DEBUG] 2021-06-15 09:31:53.702 [main] ServiceFactory - UserService retrieval
[INFO ] 2021-06-15 09:31:54.966 [main] UserServiceImpl - UserServiceImpl instantiation
[DEBUG] 2021-06-15 09:32:21.880 [main] ServiceFactory - UserService retrieval
[INFO ] 2021-06-15 09:32:23.177 [main] UserServiceImpl - UserServiceImpl instantiation
[DEBUG] 2021-06-15 09:33:09.187 [main] ServiceFactory - UserService retrieval
[INFO ] 2021-06-15 09:33:10.494 [main] UserServiceImpl - UserServiceImpl instantiation
[DEBUG] 2021-06-15 09:39:11.080 [main] ServiceFactory - TaskService retrieval
[INFO ] 2021-06-15 09:39:11.089 [main] TaskServiceImpl - TaskServiceImpl instantiation
[DEBUG] 2021-06-15 09:39:28.994 [main] ServiceFactory - TaskService retrieval
[INFO ] 2021-06-15 09:39:28.999 [main] TaskServiceImpl - TaskServiceImpl instantiation
[DEBUG] 2021-06-15 09:39:43.454 [main] ServiceFactory - TaskService retrieval
[INFO ] 2021-06-15 09:39:43.460 [main] TaskServiceImpl - TaskServiceImpl instantiation
[DEBUG] 2021-06-15 09:44:26.603 [main] ServiceFactory - TaskService retrieval
[INFO ] 2021-06-15 09:44:27.959 [main] TaskServiceImpl - TaskServiceImpl instantiation
[DEBUG] 2021-06-15 09:47:41.447 [main] ServiceFactory - TaskService retrieval
[INFO ] 2021-06-15 09:47:42.767 [main] TaskServiceImpl - TaskServiceImpl instantiation
[INFO ] 2021-06-15 09:49:58.731 [main] TaskServiceImpl - TaskServiceImpl instantiation
[INFO ] 2021-06-15 09:50:20.576 [main] TaskServiceImpl - TaskServiceImpl instantiation
[INFO ] 2021-06-15 09:58:41.952 [main] TaskServiceImpl - TaskServiceImpl instantiation
[INFO ] 2021-06-22 01:51:15.416 [main] UserServiceImpl - UserServiceImpl instantiation
[INFO ] 2021-06-22 02:14:04.293 [main] UserTaskServiceImpl - NOT null userDAO
[INFO ] 2021-06-22 02:15:42.090 [main] UserTaskServiceImpl - HHHHHHHHHHHHHHHHHHHHHHHHHHHHHHHHHH
[INFO ] 2021-06-22 02:17:15.835 [main] ServiceFactory - dkjddkjhdkjdf
[INFO ] 2021-06-22 02:17:15.837 [main] UserTaskServiceImpl - HHHHHHHHHHHHHHHHHHHHHHHHHHHHHHHHHH
[INFO ] 2021-06-22 02:36:37.469 [main] UserServiceImpl - UserServiceImpl instantiation
[INFO ] 2021-06-22 09:00:39.568 [main] UserServiceImpl - UserServiceImpl instantiation
[INFO ] 2021-06-23 10:55:40.270 [main] UserServiceImpl - UserServiceImpl instantiation
[INFO ] 2021-06-23 10:58:25.899 [main] TaskServiceImpl - TaskServiceImpl instantiation
[INFO ] 2021-06-24 01:46:15.263 [main] TaskServiceImpl - TaskServiceImpl instantiation
[INFO ] 2021-06-24 01:51:03.117 [main] TaskServiceImpl - TaskServiceImpl instantiation
[INFO ] 2021-06-24 02:30:57.149 [main] TaskServiceImpl - TaskServiceImpl instantiation
[INFO ] 2021-06-28 11:04:56.461 [main] UserServiceImpl - UserServiceImpl instantiation
[INFO ] 2021-06-28 11:08:31.740 [main] UserServiceImpl - UserServiceImpl instantiation
[INFO ] 2021-06-28 11:09:05.899 [main] UserServiceImpl - UserServiceImpl instantiation
[INFO ] 2021-06-28 11:09:26.374 [main] TaskServiceImpl - TaskServiceImpl instantiation
[INFO ] 2021-06-28 11:09:43.687 [main] TaskServiceImpl - TaskServiceImpl instantiation
[INFO ] 2021-06-28 11:19:21.954 [main] UserServiceImpl - UserServiceImpl instantiation
[INFO ] 2021-06-28 11:19:39.108 [main] TaskServiceImpl - TaskServiceImpl instantiation
[INFO ] 2021-06-28 11:25:12.877 [main] TaskServiceImpl - TaskServiceImpl instantiation
[INFO ] 2021-06-28 11:28:00.727 [main] TaskServiceImpl - TaskServiceImpl instantiation
[INFO ] 2021-06-28 11:36:06.275 [main] UserServiceImpl - UserServiceImpl instantiation
[ERROR] 2021-06-28 11:36:06.298 [main] UserServiceImpl - Error or userName alreadyUsed
[INFO ] 2021-06-28 11:36:34.175 [main] UserServiceImpl - UserServiceImpl instantiation
[INFO ] 2021-06-28 11:36:40.873 [main] TaskServiceImpl - TaskServiceImpl instantiation
[ERROR] 2021-06-28 11:36:40.892 [main] TaskServiceImpl - Error or Task already exist
[INFO ] 2021-06-28 11:36:56.683 [main] TaskServiceImpl - TaskServiceImpl instantiation
[INFO ] 2021-06-28 13:03:54.102 [main] TaskServiceImpl - TaskServiceImpl instantiation
[ERROR] 2021-06-28 13:03:55.421 [main] TaskServiceImpl - Error or Task already exist
[INFO ] 2021-06-28 13:05:38.943 [main] UserServiceImpl - UserServiceImpl instantiation
[ERROR] 2021-06-28 13:05:40.263 [main] UserServiceImpl - Error or userName alreadyUsed
[INFO ] 2021-06-28 14:13:16.139 [main] UserServiceImpl - UserServiceImpl instantiation
[INFO ] 2021-06-28 14:19:25.122 [main] TaskServiceImpl - TaskServiceImpl instantiation
[INFO ] 2021-06-28 14:46:42.547 [main] TaskServiceImpl - TaskServiceImpl instantiation
[INFO ] 2021-06-29 12:25:48.076 [main] TaskServiceImpl - TaskServiceImpl instantiation
[ERROR] 2021-06-29 12:25:49.676 [main] TaskServiceImpl - Error or Task already exist
[INFO ] 2021-06-29 12:26:14.005 [main] TaskServiceImpl - TaskServiceImpl instantiation
[INFO ] 2021-06-29 12:28:36.126 [main] TaskServiceImpl - TaskServiceImpl instantiation
[ERROR] 2021-06-29 12:28:37.554 [main] TaskServiceImpl - Error or Task already exist
[INFO ] 2021-06-29 12:29:09.372 [main] TaskServiceImpl - TaskServiceImpl instantiation
[INFO ] 2021-06-29 12:30:29.064 [main] TaskServiceImpl - TaskServiceImpl instantiation
[INFO ] 2021-06-29 12:56:04.436 [main] TaskServiceImpl - TaskServiceImpl instantiation
[INFO ] 2021-06-29 21:02:48.525 [main] UserServiceImpl - UserServiceImpl instantiation
[INFO ] 2021-06-29 21:06:03.371 [main] UserServiceImpl - UserServiceImpl instantiation
[INFO ] 2021-06-29 21:06:54.489 [main] UserServiceImpl - UserServiceImpl instantiation
[INFO ] 2021-06-29 21:07:19.518 [main] UserServiceImpl - UserServiceImpl instantiation
[INFO ] 2021-06-29 21:08:21.021 [main] UserServiceImpl - UserServiceImpl instantiation
[INFO ] 2021-06-29 21:16:23.001 [main] UserServiceImpl - UserServiceImpl instantiation
[INFO ] 2021-06-29 21:16:24.276 [main] TaskServiceImpl - TaskServiceImpl instantiation
[INFO ] 2021-06-29 21:19:23.256 [main] UserServiceImpl - UserServiceImpl instantiation
[INFO ] 2021-06-29 21:19:24.578 [main] TaskServiceImpl - TaskServiceImpl instantiation
[INFO ] 2021-06-29 21:20:15.357 [main] UserServiceImpl - UserServiceImpl instantiation
[INFO ] 2021-06-29 21:33:48.964 [main] TaskServiceImpl - TaskServiceImpl instantiation
[INFO ] 2021-06-30 11:03:12.717 [main] UserServiceImpl - UserServiceImpl instantiation
[ERROR] 2021-06-30 11:03:14.260 [main] UserServiceImpl - Error or userName alreadyUsed
[INFO ] 2021-06-30 11:03:20.405 [main] UserServiceImpl - UserServiceImpl instantiation
[INFO ] 2021-06-30 11:06:45.942 [main] UserServiceImpl - UserServiceImpl instantiation
[INFO ] 2021-06-30 11:11:03.606 [main] UserServiceImpl - UserServiceImpl instantiation
[INFO ] 2021-06-30 11:13:02.855 [main] UserServiceImpl - UserServiceImpl instantiation
[INFO ] 2021-06-30 11:13:59.158 [main] UserServiceImpl - UserServiceImpl instantiation
[INFO ] 2021-06-30 11:14:42.887 [main] UserServiceImpl - UserServiceImpl instantiation
[INFO ] 2021-06-30 11:15:09.678 [main] UserServiceImpl - UserServiceImpl instantiation
[INFO ] 2021-06-30 11:16:39.753 [main] UserServiceImpl - UserServiceImpl instantiation
[INFO ] 2021-06-30 11:18:20.198 [main] UserServiceImpl - UserServiceImpl instantiation
[INFO ] 2021-06-30 11:19:03.790 [main] UserServiceImpl - UserServiceImpl instantiation
[INFO ] 2021-06-30 11:20:15.863 [main] UserServiceImpl - UserServiceImpl instantiation
[INFO ] 2021-06-30 11:21:42.457 [main] UserServiceImpl - UserServiceImpl instantiation
[INFO ] 2021-06-30 11:24:50.424 [main] UserServiceImpl - UserServiceImpl instantiation
[INFO ] 2021-06-30 11:26:59.835 [main] UserServiceImpl - UserServiceImpl instantiation
[INFO ] 2021-06-30 11:28:33.083 [main] UserServiceImpl - UserServiceImpl instantiation
[INFO ] 2021-06-30 11:45:17.325 [main] UserServiceImpl - UserServiceImpl instantiation
[INFO ] 2021-06-30 11:46:55.326 [main] UserServiceImpl - UserServiceImpl instantiation
[INFO ] 2021-06-30 11:51:06.051 [main] UserServiceImpl - UserServiceImpl instantiation
[INFO ] 2021-06-30 11:52:14.340 [main] UserServiceImpl - UserServiceImpl instantiation
[INFO ] 2021-06-30 11:52:54.454 [main] UserServiceImpl - UserServiceImpl instantiation
[INFO ] 2021-06-30 11:56:26.129 [main] UserServiceImpl - UserServiceImpl instantiation
[INFO ] 2021-06-30 11:59:53.471 [main] UserServiceImpl - UserServiceImpl instantiation
[INFO ] 2021-06-30 12:01:02.667 [main] UserServiceImpl - UserServiceImpl instantiation
[INFO ] 2021-06-30 12:01:20.410 [main] UserServiceImpl - UserServiceImpl instantiation
[INFO ] 2021-06-30 12:13:31.081 [main] UserServiceImpl - UserServiceImpl instantiation
[INFO ] 2021-06-30 13:57:32.205 [main] UserServiceImpl - UserServiceImpl instantiation
[INFO ] 2021-06-30 14:04:25.061 [main] UserServiceImpl - UserServiceImpl instantiation
[INFO ] 2021-06-30 14:05:51.044 [main] UserServiceImpl - UserServiceImpl instantiation
[INFO ] 2021-06-30 14:06:57.312 [main] UserServiceImpl - UserServiceImpl instantiation
[INFO ] 2021-06-30 14:20:09.108 [main] UserServiceImpl - UserServiceImpl instantiation
[INFO ] 2021-06-30 14:20:30.090 [main] UserServiceImpl - UserServiceImpl instantiation
[INFO ] 2021-06-30 14:24:44.631 [main] UserServiceImpl - UserServiceImpl instantiation
[INFO ] 2021-06-30 14:32:16.663 [main] UserServiceImpl - UserServiceImpl instantiation
[INFO ] 2021-06-30 14:32:53.362 [main] UserServiceImpl - UserServiceImpl instantiation
[INFO ] 2021-06-30 14:34:01.975 [main] UserServiceImpl - UserServiceImpl instantiation
[INFO ] 2021-06-30 14:34:19.343 [main] UserServiceImpl - UserServiceImpl instantiation
[INFO ] 2021-06-30 14:34:44.837 [main] UserServiceImpl - UserServiceImpl instantiation
[INFO ] 2021-06-30 14:35:15.816 [main] UserServiceImpl - UserServiceImpl instantiation
[INFO ] 2021-06-30 14:35:33.119 [main] UserServiceImpl - UserServiceImpl instantiation
[INFO ] 2021-06-30 14:41:21.336 [main] UserServiceImpl - UserServiceImpl instantiation
[INFO ] 2021-06-30 14:41:40.565 [main] UserServiceImpl - UserServiceImpl instantiation
[INFO ] 2021-06-30 14:47:07.991 [main] UserServiceImpl - UserServiceImpl instantiation
[INFO ] 2021-06-30 14:59:05.680 [main] UserServiceImpl - UserServiceImpl instantiation
[INFO ] 2021-06-30 14:59:43.966 [main] UserServiceImpl - UserServiceImpl instantiation
[INFO ] 2021-06-30 15:01:45.253 [main] UserServiceImpl - UserServiceImpl instantiation
[INFO ] 2021-06-30 15:02:34.214 [main] UserServiceImpl - UserServiceImpl instantiation
[INFO ] 2021-06-30 15:03:17.052 [main] UserServiceImpl - UserServiceImpl instantiation
[INFO ] 2021-06-30 15:12:59.874 [main] UserServiceImpl - UserServiceImpl instantiation
[INFO ] 2021-06-30 15:13:15.418 [main] UserServiceImpl - UserServiceImpl instantiation
[INFO ] 2021-06-30 15:14:27.967 [main] UserServiceImpl - UserServiceImpl instantiation
[INFO ] 2021-06-30 15:15:17.029 [main] UserServiceImpl - UserServiceImpl instantiation
[INFO ] 2021-06-30 15:15:50.199 [main] UserServiceImpl - UserServiceImpl instantiation
[INFO ] 2021-06-30 15:17:02.834 [main] UserServiceImpl - UserServiceImpl instantiation
[INFO ] 2021-06-30 15:17:15.159 [main] UserServiceImpl - UserServiceImpl instantiation
[INFO ] 2021-06-30 15:18:30.320 [main] UserServiceImpl - UserServiceImpl instantiation
[INFO ] 2021-06-30 15:19:31.892 [main] UserServiceImpl - UserServiceImpl instantiation
[INFO ] 2021-06-30 15:19:55.058 [main] UserServiceImpl - UserServiceImpl instantiation
[INFO ] 2021-06-30 15:21:03.739 [main] UserServiceImpl - UserServiceImpl instantiation
[INFO ] 2021-06-30 15:22:42.080 [main] UserServiceImpl - UserServiceImpl instantiation
[INFO ] 2021-06-30 15:24:54.167 [main] UserServiceImpl - UserServiceImpl instantiation
[INFO ] 2021-06-30 15:25:15.359 [main] UserServiceImpl - UserServiceImpl instantiation
[INFO ] 2021-06-30 15:25:57.820 [main] UserServiceImpl - UserServiceImpl instantiation
[INFO ] 2021-06-30 15:26:34.778 [main] UserServiceImpl - UserServiceImpl instantiation
[ERROR] 2021-06-30 15:26:36.059 [main] UserServiceImpl - Error or userName alreadyUsed
[INFO ] 2021-06-30 15:26:57.237 [main] UserServiceImpl - UserServiceImpl instantiation
[INFO ] 2021-07-01 09:55:31.309 [main] UserServiceImpl - UserServiceImpl instantiation
[INFO ] 2021-07-01 09:55:31.331 [main] TaskServiceImpl - TaskServiceImpl instantiation
[INFO ] 2021-07-01 10:02:50.910 [main] TaskServiceImpl - TaskServiceImpl instantiation
[ERROR] 2021-07-01 10:02:52.325 [main] TaskServiceImpl - Error or Task already exist
[INFO ] 2021-07-01 10:03:21.161 [main] UserServiceImpl - UserServiceImpl instantiation
[INFO ] 2021-07-01 10:03:21.169 [main] TaskServiceImpl - TaskServiceImpl instantiation
[INFO ] 2021-07-01 10:36:00.803 [main] UserServiceImpl - UserServiceImpl instantiation
[INFO ] 2021-07-01 10:37:18.214 [main] UserServiceImpl - UserServiceImpl instantiation
[INFO ] 2021-07-01 13:23:11.767 [main] UserServiceImpl - UserServiceImpl instantiation
[INFO ] 2021-07-01 13:24:03.408 [main] TaskServiceImpl - TaskServiceImpl instantiation
[INFO ] 2021-07-01 13:25:22.286 [main] TaskServiceImpl - TaskServiceImpl instantiation
[INFO ] 2021-07-01 13:25:32.401 [main] UserServiceImpl - UserServiceImpl instantiation
[INFO ] 2021-07-01 13:28:59.702 [main] UserServiceImpl - UserServiceImpl instantiation
[INFO ] 2021-07-05 09:14:11.045 [main] UserServiceImpl - UserServiceImpl instantiation
[ERROR] 2021-07-05 09:14:12.566 [main] UserServiceImpl - Error or userName alreadyUsed
[INFO ] 2021-07-05 09:16:55.822 [main] UserServiceImpl - UserServiceImpl instantiation
[INFO ] 2021-07-05 09:26:49.284 [main] UserServiceImpl - UserServiceImpl instantiation
[INFO ] 2021-07-05 09:27:48.592 [main] UserServiceImpl - UserServiceImpl instantiation
[ERROR] 2021-07-05 09:27:49.937 [main] UserServiceImpl - Error or userName alreadyUsed
[INFO ] 2021-07-05 09:45:18.941 [main] UserServiceImpl - UserServiceImpl instantiation
[ERROR] 2021-07-05 09:45:20.430 [main] UserServiceImpl - Error or userName alreadyUsed
[INFO ] 2021-07-05 09:45:34.979 [main] UserServiceImpl - UserServiceImpl instantiation
[INFO ] 2021-07-05 09:48:45.167 [main] UserServiceImpl - UserServiceImpl instantiation
[INFO ] 2021-07-05 09:49:29.066 [main] UserServiceImpl - UserServiceImpl instantiation
[INFO ] 2021-07-05 09:53:28.366 [main] UserServiceImpl - UserServiceImpl instantiation
[INFO ] 2021-07-05 09:54:12.732 [main] UserServiceImpl - UserServiceImpl instantiation
[INFO ] 2021-07-05 09:55:17.242 [main] UserServiceImpl - UserServiceImpl instantiation
[INFO ] 2021-07-05 09:56:41.381 [main] UserServiceImpl - UserServiceImpl instantiation
[INFO ] 2021-07-05 09:58:03.770 [main] UserServiceImpl - UserServiceImpl instantiation
[INFO ] 2021-07-05 09:59:04.983 [main] UserServiceImpl - UserServiceImpl instantiation
[INFO ] 2021-07-05 09:59:43.584 [main] UserServiceImpl - UserServiceImpl instantiation
[ERROR] 2021-07-05 09:59:45.040 [main] UserServiceImpl - Error or userName alreadyUsed
[INFO ] 2021-07-05 10:00:02.343 [main] UserServiceImpl - UserServiceImpl instantiation
[INFO ] 2021-07-05 10:04:17.165 [main] UserServiceImpl - UserServiceImpl instantiation
[INFO ] 2021-07-05 10:04:57.057 [main] UserServiceImpl - UserServiceImpl instantiation
[ERROR] 2021-07-05 10:04:58.507 [main] UserServiceImpl - Error or userName alreadyUsed
[INFO ] 2021-07-05 10:05:13.631 [main] UserServiceImpl - UserServiceImpl instantiation
[ERROR] 2021-07-05 10:05:15.052 [main] UserServiceImpl - Error or userName alreadyUsed
[INFO ] 2021-07-05 10:05:25.586 [main] UserServiceImpl - UserServiceImpl instantiation
[INFO ] 2021-07-05 10:05:51.065 [main] UserServiceImpl - UserServiceImpl instantiation
[INFO ] 2021-07-05 10:07:08.182 [main] UserServiceImpl - UserServiceImpl instantiation
[ERROR] 2021-07-05 10:07:09.662 [main] UserServiceImpl - Error or userName alreadyUsed
[INFO ] 2021-07-05 10:07:21.050 [main] UserServiceImpl - UserServiceImpl instantiation
[ERROR] 2021-07-05 10:07:22.517 [main] UserServiceImpl - Error or userName alreadyUsed
[INFO ] 2021-07-05 10:07:37.737 [main] UserServiceImpl - UserServiceImpl instantiation
[INFO ] 2021-07-05 10:08:40.940 [main] UserServiceImpl - UserServiceImpl instantiation
[INFO ] 2021-07-05 10:09:54.790 [main] UserServiceImpl - UserServiceImpl instantiation
[INFO ] 2021-07-05 10:14:37.134 [main] UserServiceImpl - UserServiceImpl instantiation
[INFO ] 2021-07-05 10:15:59.856 [main] UserServiceImpl - UserServiceImpl instantiation
[INFO ] 2021-07-05 10:19:53.134 [main] UserServiceImpl - UserServiceImpl instantiation
[ERROR] 2021-07-05 10:19:54.484 [main] UserServiceImpl - Error or userName alreadyUsed
[INFO ] 2021-07-05 10:21:38.027 [main] UserServiceImpl - UserServiceImpl instantiation
[ERROR] 2021-07-05 10:21:39.398 [main] UserServiceImpl - Error or userName alreadyUsed
[INFO ] 2021-07-05 10:21:54.407 [main] UserServiceImpl - UserServiceImpl instantiation
[INFO ] 2021-07-05 10:23:32.372 [main] UserServiceImpl - UserServiceImpl instantiation
[INFO ] 2021-07-05 11:01:31.056 [main] UserServiceImpl - UserServiceImpl instantiation
[INFO ] 2021-07-05 11:04:20.212 [main] UserServiceImpl - UserServiceImpl instantiation
[INFO ] 2021-07-05 11:39:46.247 [main] UserServiceImpl - UserServiceImpl instantiation
[INFO ] 2021-07-05 12:01:09.245 [main] UserServiceImpl - UserServiceImpl instantiation
[ERROR] 2021-07-05 12:01:10.588 [main] UserServiceImpl - Error or userName alreadyUsed
[INFO ] 2021-07-05 12:42:24.214 [main] UserServiceImpl - UserServiceImpl instantiation
[INFO ] 2021-07-05 12:42:47.976 [main] UserServiceImpl - UserServiceImpl instantiation
[INFO ] 2021-07-05 12:45:23.497 [main] TaskServiceImpl - TaskServiceImpl instantiation
[INFO ] 2021-07-05 13:07:11.227 [main] TaskServiceImpl - TaskServiceImpl instantiation
[INFO ] 2021-07-05 15:50:29.130 [main] TaskServiceImpl - TaskServiceImpl instantiation
[INFO ] 2021-07-05 15:54:46.027 [main] UserServiceImpl - UserServiceImpl instantiation
